\BOOKMARK [1][-]{section.1}{1. Mod\350le de r\351gression lin\351aire et moindres carr\351s}{}% 1
\BOOKMARK [2][-]{subsection.1.1}{1.1. D\351finitions}{section.1}% 2
\BOOKMARK [2][-]{subsection.1.2}{1.2. Hypoth\350ses}{section.1}% 3
\BOOKMARK [2][-]{subsection.1.3}{1.3. Estimation par la m\351thode des moments}{section.1}% 4
\BOOKMARK [2][-]{subsection.1.4}{1.4. Moindres carr\351s}{section.1}% 5
\BOOKMARK [2][-]{subsection.1.5}{1.5. Propri\351t\351s de l'estimateur des moindres carr\351s}{section.1}% 6
\BOOKMARK [1][-]{section.2}{2. G\351om\351trie des moindres carr\351s}{}% 7
\BOOKMARK [2][-]{subsection.2.1}{2.1. Matrices de projection}{section.2}% 8
\BOOKMARK [2][-]{subsection.2.2}{2.2. Propri\351t\351s de "03622}{section.2}% 9
\BOOKMARK [2][-]{subsection.2.3}{2.3. R\351gression partitionn\351e}{section.2}% 10
\BOOKMARK [2][-]{subsection.2.4}{2.4. Qualit\351 de l'ajustement et coefficient de d\351termination ou R2}{section.2}% 11
\BOOKMARK [2][-]{subsection.2.5}{2.5. Propri\351t\351s du R2}{section.2}% 12
\BOOKMARK [2][-]{subsection.2.6}{2.6. R2 ajust\351}{section.2}% 13
\BOOKMARK [1][-]{section.3}{3. Intervalles de confiance}{}% 14
\BOOKMARK [2][-]{subsection.3.1}{3.1. Cas scalaire}{section.3}% 15
\BOOKMARK [2][-]{subsection.3.2}{3.2. 2 est connu}{section.3}% 16
\BOOKMARK [2][-]{subsection.3.3}{3.3. 2 est inconnu}{section.3}% 17
\BOOKMARK [2][-]{subsection.3.4}{3.4. Cas vectoriel}{section.3}% 18
\BOOKMARK [1][-]{section.4}{4. Tests d'hypoth\350ses}{}% 19
\BOOKMARK [2][-]{subsection.4.1}{4.1. Concepts de base}{section.4}% 20
\BOOKMARK [2][-]{subsection.4.2}{4.2. Test d'une hypoth\350se par rapport \340 un seul coefficient}{section.4}% 21
\BOOKMARK [2][-]{subsection.4.3}{4.3. Test d'une contrainte lin\351aire simple}{section.4}% 22
\BOOKMARK [2][-]{subsection.4.4}{4.4. Tests de contraintes lin\351aires multiples}{section.4}% 23
\BOOKMARK [2][-]{subsection.4.5}{4.5. Moindres carr\351s contraints}{section.4}% 24
\BOOKMARK [1][-]{section.5}{5. Propri\351t\351s du R2, mauvaises sp\351cifications, test de changement structurel, variables indicatrices, pr\351visions}{}% 25
\BOOKMARK [2][-]{subsection.5.1}{5.1. Propri\351t\351s du R2}{section.5}% 26
\BOOKMARK [2][-]{subsection.5.2}{5.2. Mauvaise sp\351cification du mod\350le}{section.5}% 27
\BOOKMARK [2][-]{subsection.5.3}{5.3. Test de changement structurel}{section.5}% 28
\BOOKMARK [2][-]{subsection.5.4}{5.4. Variables indicatrices}{section.5}% 29
\BOOKMARK [2][-]{subsection.5.5}{5.5. Pr\351vision}{section.5}% 30
